# JRE version: OpenJDK Runtime Environment Temurin-21.0.6+7 (21.0.6+7) (build 21.0.6+7-LTS)
# Java VM: OpenJDK 64-Bit Server VM Temurin-21.0.6+7 (21.0.6+7-LTS, mixed mode, sharing, tiered, compressed oops, compressed class ptrs, parallel gc, linux-amd64)
GC Precious Log:
 CardTable entry size: 512
 CPUs: 8 total, 8 available
 Memory: 15866M
 Large Page Support: Disabled
 NUMA Support: Disabled
 Compressed Oops: Enabled (32-bit)
 Alignments: Space 512K, Generation 512K, Heap 2M
 Heap Min Capacity: 100M
 Heap Initial Capacity: 100M
 Heap Max Capacity: 1G
 Pre-touch: Disabled
 Parallel Workers: 8
Heap:
 PSYoungGen      total 23040K, used 20032K [0x00000000eab00000, 0x00000000ec980000, 0x0000000100000000)
  eden space 20992K, 85% used [0x00000000eab00000,0x00000000ebc95fe0,0x00000000ebf80000)
  from space 2048K, 98% used [0x00000000ebf80000,0x00000000ec17a3f0,0x00000000ec180000)
  to   space 5120K, 0% used [0x00000000ec480000,0x00000000ec480000,0x00000000ec980000)
 ParOldGen       total 68608K, used 35226K [0x00000000c0000000, 0x00000000c4300000, 0x00000000eab00000)
  object space 68608K, 51% used [0x00000000c0000000,0x00000000c2266978,0x00000000c4300000)
 Metaspace       used 43772K, committed 44736K, reserved 1114112K
  class space    used 4314K, committed 4736K, reserved 1048576K
GC Heap History (20 events):
Event: 10.039 GC heap before
{Heap before GC invocations=16 (full 1):
 PSYoungGen      total 23040K, used 23008K [0x00000000eab00000, 0x00000000eca80000, 0x0000000100000000)
  eden space 21504K, 100% used [0x00000000eab00000,0x00000000ec000000,0x00000000ec000000)
  from space 1536K, 97% used [0x00000000ec500000,0x00000000ec678010,0x00000000ec680000)
  to   space 5120K, 0% used [0x00000000ec000000,0x00000000ec000000,0x00000000ec500000)
 ParOldGen       total 68608K, used 25773K [0x00000000c0000000, 0x00000000c4300000, 0x00000000eab00000)
  object space 68608K, 37% used [0x00000000c0000000,0x00000000c192b608,0x00000000c4300000)
 Metaspace       used 32851K, committed 33792K, reserved 1114112K
  class space    used 3222K, committed 3648K, reserved 1048576K
}
Event: 10.065 GC heap after
{Heap after GC invocations=16 (full 1):
 PSYoungGen      total 24064K, used 2112K [0x00000000eab00000, 0x00000000ec600000, 0x0000000100000000)
  eden space 21504K, 0% used [0x00000000eab00000,0x00000000eab00000,0x00000000ec000000)
  from space 2560K, 82% used [0x00000000ec000000,0x00000000ec210000,0x00000000ec280000)
  to   space 3072K, 0% used [0x00000000ec300000,0x00000000ec300000,0x00000000ec600000)
 ParOldGen       total 68608K, used 27285K [0x00000000c0000000, 0x00000000c4300000, 0x00000000eab00000)
  object space 68608K, 39% used [0x00000000c0000000,0x00000000c1aa5618,0x00000000c4300000)
 Metaspace       used 32851K, committed 33792K, reserved 1114112K
  class space    used 3222K, committed 3648K, reserved 1048576K
}
Event: 10.209 GC heap before
{Heap before GC invocations=17 (full 1):
 PSYoungGen      total 24064K, used 23616K [0x00000000eab00000, 0x00000000ec600000, 0x0000000100000000)
  eden space 21504K, 100% used [0x00000000eab00000,0x00000000ec000000,0x00000000ec000000)
  from space 2560K, 82% used [0x00000000ec000000,0x00000000ec210000,0x00000000ec280000)
  to   space 3072K, 0% used [0x00000000ec300000,0x00000000ec300000,0x00000000ec600000)
 ParOldGen       total 68608K, used 27285K [0x00000000c0000000, 0x00000000c4300000, 0x00000000eab00000)
  object space 68608K, 39% used [0x00000000c0000000,0x00000000c1aa5618,0x00000000c4300000)
 Metaspace       used 32933K, committed 33856K, reserved 1114112K
  class space    used 3222K, committed 3648K, reserved 1048576K
}
Event: 10.239 GC heap after
{Heap after GC invocations=17 (full 1):
 PSYoungGen      total 24064K, used 2432K [0x00000000eab00000, 0x00000000ec580000, 0x0000000100000000)
  eden space 21504K, 0% used [0x00000000eab00000,0x00000000eab00000,0x00000000ec000000)
  from space 2560K, 95% used [0x00000000ec300000,0x00000000ec560000,0x00000000ec580000)
  to   space 2560K, 0% used [0x00000000ec000000,0x00000000ec000000,0x00000000ec280000)
 ParOldGen       total 68608K, used 29277K [0x00000000c0000000, 0x00000000c4300000, 0x00000000eab00000)
  object space 68608K, 42% used [0x00000000c0000000,0x00000000c1c97618,0x00000000c4300000)
 Metaspace       used 32933K, committed 33856K, reserved 1114112K
  class space    used 3222K, committed 3648K, reserved 1048576K
}
Event: 10.858 GC heap before
{Heap before GC invocations=18 (full 1):
 PSYoungGen      total 24064K, used 23931K [0x00000000eab00000, 0x00000000ec580000, 0x0000000100000000)
  eden space 21504K, 99% used [0x00000000eab00000,0x00000000ebffeeb0,0x00000000ec000000)
  from space 2560K, 95% used [0x00000000ec300000,0x00000000ec560000,0x00000000ec580000)
  to   space 2560K, 0% used [0x00000000ec000000,0x00000000ec000000,0x00000000ec280000)
 ParOldGen       total 68608K, used 29277K [0x00000000c0000000, 0x00000000c4300000, 0x00000000eab00000)
  object space 68608K, 42% used [0x00000000c0000000,0x00000000c1c97618,0x00000000c4300000)
 Metaspace       used 34842K, committed 35776K, reserved 1114112K
  class space    used 3415K, committed 3840K, reserved 1048576K
}
Event: 10.881 GC heap after
{Heap after GC invocations=18 (full 1):
 PSYoungGen      total 22528K, used 928K [0x00000000eab00000, 0x00000000ec380000, 0x0000000100000000)
  eden space 21504K, 0% used [0x00000000eab00000,0x00000000eab00000,0x00000000ec000000)
  from space 1024K, 90% used [0x00000000ec000000,0x00000000ec0e8000,0x00000000ec100000)
  to   space 1536K, 0% used [0x00000000ec200000,0x00000000ec200000,0x00000000ec380000)
 ParOldGen       total 68608K, used 31174K [0x00000000c0000000, 0x00000000c4300000, 0x00000000eab00000)
  object space 68608K, 45% used [0x00000000c0000000,0x00000000c1e71818,0x00000000c4300000)
 Metaspace       used 34842K, committed 35776K, reserved 1114112K
  class space    used 3415K, committed 3840K, reserved 1048576K
}
Event: 10.958 GC heap before
{Heap before GC invocations=19 (full 1):
 PSYoungGen      total 22528K, used 2946K [0x00000000eab00000, 0x00000000ec380000, 0x0000000100000000)
  eden space 21504K, 9% used [0x00000000eab00000,0x00000000eacf8808,0x00000000ec000000)
  from space 1024K, 90% used [0x00000000ec000000,0x00000000ec0e8000,0x00000000ec100000)
  to   space 1536K, 0% used [0x00000000ec200000,0x00000000ec200000,0x00000000ec380000)
 ParOldGen       total 68608K, used 31174K [0x00000000c0000000, 0x00000000c4300000, 0x00000000eab00000)
  object space 68608K, 45% used [0x00000000c0000000,0x00000000c1e71818,0x00000000c4300000)
 Metaspace       used 34951K, committed 35840K, reserved 1114112K
  class space    used 3424K, committed 3840K, reserved 1048576K
}
Event: 10.969 GC heap after
{Heap after GC invocations=19 (full 1):
 PSYoungGen      total 22016K, used 333K [0x00000000eab00000, 0x00000000ec280000, 0x0000000100000000)
  eden space 21504K, 0% used [0x00000000eab00000,0x00000000eab00000,0x00000000ec000000)
  from space 512K, 65% used [0x00000000ec200000,0x00000000ec253728,0x00000000ec280000)
  to   space 1024K, 0% used [0x00000000ec080000,0x00000000ec080000,0x00000000ec180000)
 ParOldGen       total 68608K, used 31988K [0x00000000c0000000, 0x00000000c4300000, 0x00000000eab00000)
  object space 68608K, 46% used [0x00000000c0000000,0x00000000c1f3d238,0x00000000c4300000)
 Metaspace       used 34951K, committed 35840K, reserved 1114112K
  class space    used 3424K, committed 3840K, reserved 1048576K
}
Event: 10.969 GC heap before
{Heap before GC invocations=20 (full 2):
 PSYoungGen      total 22016K, used 333K [0x00000000eab00000, 0x00000000ec280000, 0x0000000100000000)
  eden space 21504K, 0% used [0x00000000eab00000,0x00000000eab00000,0x00000000ec000000)
  from space 512K, 65% used [0x00000000ec200000,0x00000000ec253728,0x00000000ec280000)
  to   space 1024K, 0% used [0x00000000ec080000,0x00000000ec080000,0x00000000ec180000)
 ParOldGen       total 68608K, used 31988K [0x00000000c0000000, 0x00000000c4300000, 0x00000000eab00000)
  object space 68608K, 46% used [0x00000000c0000000,0x00000000c1f3d238,0x00000000c4300000)
 Metaspace       used 34951K, committed 35840K, reserved 1114112K
  class space    used 3424K, committed 3840K, reserved 1048576K
}
Event: 11.273 GC heap after
{Heap after GC invocations=20 (full 2):
 PSYoungGen      total 22016K, used 0K [0x00000000eab00000, 0x00000000ec280000, 0x0000000100000000)
  eden space 21504K, 0% used [0x00000000eab00000,0x00000000eab00000,0x00000000ec000000)
  from space 512K, 0% used [0x00000000ec200000,0x00000000ec200000,0x00000000ec280000)
  to   space 1024K, 0% used [0x00000000ec080000,0x00000000ec080000,0x00000000ec180000)
 ParOldGen       total 68608K, used 30244K [0x00000000c0000000, 0x00000000c4300000, 0x00000000eab00000)
  object space 68608K, 44% used [0x00000000c0000000,0x00000000c1d89398,0x00000000c4300000)
 Metaspace       used 34917K, committed 35840K, reserved 1114112K
  class space    used 3414K, committed 3840K, reserved 1048576K
}
Event: 11.731 GC heap before
{Heap before GC invocations=21 (full 2):
 PSYoungGen      total 22016K, used 21357K [0x00000000eab00000, 0x00000000ec280000, 0x0000000100000000)
  eden space 21504K, 99% used [0x00000000eab00000,0x00000000ebfdb508,0x00000000ec000000)
  from space 512K, 0% used [0x00000000ec200000,0x00000000ec200000,0x00000000ec280000)
  to   space 1024K, 0% used [0x00000000ec080000,0x00000000ec080000,0x00000000ec180000)
 ParOldGen       total 68608K, used 30244K [0x00000000c0000000, 0x00000000c4300000, 0x00000000eab00000)
  object space 68608K, 44% used [0x00000000c0000000,0x00000000c1d89398,0x00000000c4300000)
 Metaspace       used 36524K, committed 37440K, reserved 1114112K
  class space    used 3556K, committed 3968K, reserved 1048576K
}
Event: 11.786 GC heap after
{Heap after GC invocations=21 (full 2):
 PSYoungGen      total 22528K, used 1005K [0x00000000eab00000, 0x00000000ec400000, 0x0000000100000000)
  eden space 21504K, 0% used [0x00000000eab00000,0x00000000eab00000,0x00000000ec000000)
  from space 1024K, 98% used [0x00000000ec080000,0x00000000ec17b748,0x00000000ec180000)
  to   space 2048K, 0% used [0x00000000ec200000,0x00000000ec200000,0x00000000ec400000)
 ParOldGen       total 68608K, used 30759K [0x00000000c0000000, 0x00000000c4300000, 0x00000000eab00000)
  object space 68608K, 44% used [0x00000000c0000000,0x00000000c1e09c98,0x00000000c4300000)
 Metaspace       used 36524K, committed 37440K, reserved 1114112K
  class space    used 3556K, committed 3968K, reserved 1048576K
}
Event: 12.201 GC heap before
{Heap before GC invocations=22 (full 2):
 PSYoungGen      total 22528K, used 22509K [0x00000000eab00000, 0x00000000ec400000, 0x0000000100000000)
  eden space 21504K, 100% used [0x00000000eab00000,0x00000000ec000000,0x00000000ec000000)
  from space 1024K, 98% used [0x00000000ec080000,0x00000000ec17b748,0x00000000ec180000)
  to   space 2048K, 0% used [0x00000000ec200000,0x00000000ec200000,0x00000000ec400000)
 ParOldGen       total 68608K, used 30759K [0x00000000c0000000, 0x00000000c4300000, 0x00000000eab00000)
  object space 68608K, 44% used [0x00000000c0000000,0x00000000c1e09c98,0x00000000c4300000)
 Metaspace       used 36943K, committed 37824K, reserved 1114112K
  class space    used 3603K, committed 3968K, reserved 1048576K
}
Event: 12.215 GC heap after
{Heap after GC invocations=22 (full 2):
 PSYoungGen      total 23040K, used 1157K [0x00000000eab00000, 0x00000000ec380000, 0x0000000100000000)
  eden space 21504K, 0% used [0x00000000eab00000,0x00000000eab00000,0x00000000ec000000)
  from space 1536K, 75% used [0x00000000ec200000,0x00000000ec321718,0x00000000ec380000)
  to   space 1536K, 0% used [0x00000000ec080000,0x00000000ec080000,0x00000000ec200000)
 ParOldGen       total 68608K, used 31887K [0x00000000c0000000, 0x00000000c4300000, 0x00000000eab00000)
  object space 68608K, 46% used [0x00000000c0000000,0x00000000c1f23c58,0x00000000c4300000)
 Metaspace       used 36943K, committed 37824K, reserved 1114112K
  class space    used 3603K, committed 3968K, reserved 1048576K
}
Event: 12.663 GC heap before
{Heap before GC invocations=23 (full 2):
 PSYoungGen      total 23040K, used 22661K [0x00000000eab00000, 0x00000000ec380000, 0x0000000100000000)
  eden space 21504K, 100% used [0x00000000eab00000,0x00000000ec000000,0x00000000ec000000)
  from space 1536K, 75% used [0x00000000ec200000,0x00000000ec321718,0x00000000ec380000)
  to   space 1536K, 0% used [0x00000000ec080000,0x00000000ec080000,0x00000000ec200000)
 ParOldGen       total 68608K, used 31889K [0x00000000c0000000, 0x00000000c4300000, 0x00000000eab00000)
  object space 68608K, 46% used [0x00000000c0000000,0x00000000c1f244e0,0x00000000c4300000)
 Metaspace       used 38398K, committed 39296K, reserved 1114112K
  class space    used 3725K, committed 4096K, reserved 1048576K
}
Event: 12.675 GC heap after
{Heap after GC invocations=23 (full 2):
 PSYoungGen      total 22016K, used 493K [0x00000000eab00000, 0x00000000ec280000, 0x0000000100000000)
  eden space 21504K, 0% used [0x00000000eab00000,0x00000000eab00000,0x00000000ec000000)
  from space 512K, 96% used [0x00000000ec080000,0x00000000ec0fb538,0x00000000ec100000)
  to   space 1024K, 0% used [0x00000000ec180000,0x00000000ec180000,0x00000000ec280000)
 ParOldGen       total 68608K, used 32490K [0x00000000c0000000, 0x00000000c4300000, 0x00000000eab00000)
  object space 68608K, 47% used [0x00000000c0000000,0x00000000c1fbaa18,0x00000000c4300000)
 Metaspace       used 38398K, committed 39296K, reserved 1114112K
  class space    used 3725K, committed 4096K, reserved 1048576K
}
Event: 13.187 GC heap before
{Heap before GC invocations=24 (full 2):
 PSYoungGen      total 22016K, used 21997K [0x00000000eab00000, 0x00000000ec280000, 0x0000000100000000)
  eden space 21504K, 100% used [0x00000000eab00000,0x00000000ec000000,0x00000000ec000000)
  from space 512K, 96% used [0x00000000ec080000,0x00000000ec0fb538,0x00000000ec100000)
  to   space 1024K, 0% used [0x00000000ec180000,0x00000000ec180000,0x00000000ec280000)
 ParOldGen       total 68608K, used 32490K [0x00000000c0000000, 0x00000000c4300000, 0x00000000eab00000)
  object space 68608K, 47% used [0x00000000c0000000,0x00000000c1fbaa18,0x00000000c4300000)
 Metaspace       used 40718K, committed 41728K, reserved 1114112K
  class space    used 4014K, committed 4480K, reserved 1048576K
}
Event: 13.205 GC heap after
{Heap after GC invocations=24 (full 2):
 PSYoungGen      total 22016K, used 1006K [0x00000000eab00000, 0x00000000ec400000, 0x0000000100000000)
  eden space 20992K, 0% used [0x00000000eab00000,0x00000000eab00000,0x00000000ebf80000)
  from space 1024K, 98% used [0x00000000ec180000,0x00000000ec27b9c0,0x00000000ec280000)
  to   space 2048K, 0% used [0x00000000ebf80000,0x00000000ebf80000,0x00000000ec180000)
 ParOldGen       total 68608K, used 32992K [0x00000000c0000000, 0x00000000c4300000, 0x00000000eab00000)
  object space 68608K, 48% used [0x00000000c0000000,0x00000000c2038328,0x00000000c4300000)
 Metaspace       used 40718K, committed 41728K, reserved 1114112K
  class space    used 4014K, committed 4480K, reserved 1048576K
}
Event: 16.651 GC heap before
{Heap before GC invocations=25 (full 2):
 PSYoungGen      total 22016K, used 21998K [0x00000000eab00000, 0x00000000ec400000, 0x0000000100000000)
  eden space 20992K, 100% used [0x00000000eab00000,0x00000000ebf80000,0x00000000ebf80000)
  from space 1024K, 98% used [0x00000000ec180000,0x00000000ec27b9c0,0x00000000ec280000)
  to   space 2048K, 0% used [0x00000000ebf80000,0x00000000ebf80000,0x00000000ec180000)
 ParOldGen       total 68608K, used 32992K [0x00000000c0000000, 0x00000000c4300000, 0x00000000eab00000)
  object space 68608K, 48% used [0x00000000c0000000,0x00000000c2038328,0x00000000c4300000)
 Metaspace       used 41933K, committed 43008K, reserved 1114112K
  class space    used 4137K, committed 4608K, reserved 1048576K
}
Event: 16.673 GC heap after
{Heap after GC invocations=25 (full 2):
 PSYoungGen      total 23040K, used 2024K [0x00000000eab00000, 0x00000000ec980000, 0x0000000100000000)
  eden space 20992K, 0% used [0x00000000eab00000,0x00000000eab00000,0x00000000ebf80000)
  from space 2048K, 98% used [0x00000000ebf80000,0x00000000ec17a3f0,0x00000000ec180000)
  to   space 5120K, 0% used [0x00000000ec480000,0x00000000ec480000,0x00000000ec980000)
 ParOldGen       total 68608K, used 35226K [0x00000000c0000000, 0x00000000c4300000, 0x00000000eab00000)
  object space 68608K, 51% used [0x00000000c0000000,0x00000000c2266978,0x00000000c4300000)
 Metaspace       used 41933K, committed 43008K, reserved 1114112K
  class space    used 4137K, committed 4608K, reserved 1048576K
}

